<?xml version="1.0" encoding="UTF-8"?>
<testsuite name="com.littlehelper.data.MemoryRepositoryDeleteTest" tests="2" skipped="0" failures="0" errors="0" timestamp="2026-06-16T00:54:27.959Z" hostname="DESKTOP-6BFKR58" time="0.0">
  <properties/>
  <testcase name="buildDeleteTerms_matchesCoffeeWithLiZong" classname="com.littlehelper.data.MemoryRepositoryDeleteTest" time="0.0"/>
  <testcase name="buildDeleteTerms_stripsDeleteVerbsFromUserUtterance" classname="com.littlehelper.data.MemoryRepositoryDeleteTest" time="0.0"/>
  <system-out><![CDATA[]]></system-out>
  <system-err><![CDATA[]]></system-err>
</testsuite>
