<?xml version="1.0" encoding="UTF-8"?>
<testsuite name="com.littlehelper.speech.SpeechMergeTest" tests="5" skipped="0" failures="0" errors="0" timestamp="2026-06-16T00:54:28.089Z" hostname="DESKTOP-6BFKR58" time="0.002">
  <properties/>
  <testcase name="merge_overlapSuffixPrefix" classname="com.littlehelper.speech.SpeechMergeTest" time="0.001"/>
  <testcase name="merge_appendTail_whenNoOverlap" classname="com.littlehelper.speech.SpeechMergeTest" time="0.0"/>
  <testcase name="merge_segmentExtendsBase_returnsLongerSegment" classname="com.littlehelper.speech.SpeechMergeTest" time="0.0"/>
  <testcase name="merge_emptyBase_returnsSegment" classname="com.littlehelper.speech.SpeechMergeTest" time="0.0"/>
  <testcase name="merge_coffeeAndLuckinTail" classname="com.littlehelper.speech.SpeechMergeTest" time="0.0"/>
  <system-out><![CDATA[]]></system-out>
  <system-err><![CDATA[]]></system-err>
</testsuite>
