<?xml version="1.0" encoding="UTF-8"?>
<testsuite name="com.littlehelper.reminder.ReminderTimeParserTest" tests="9" skipped="0" failures="0" errors="0" timestamp="2026-06-16T00:54:28.066Z" hostname="DESKTOP-6BFKR58" time="0.017">
  <properties/>
  <testcase name="resolveTriggerMillis_returnsNullWhenOnlyInvalidTime" classname="com.littlehelper.reminder.ReminderTimeParserTest" time="0.007"/>
  <testcase name="resolveTriggerMillis_defaultsToEightAmWithoutEventTime" classname="com.littlehelper.reminder.ReminderTimeParserTest" time="0.006"/>
  <testcase name="parseEventTime_supportsChineseMeridiem" classname="com.littlehelper.reminder.ReminderTimeParserTest" time="0.0"/>
  <testcase name="parseEventTime_returnsNullForBlank" classname="com.littlehelper.reminder.ReminderTimeParserTest" time="0.0"/>
  <testcase name="resolveTriggerMillis_usesTodayWhenOnlyEventTimePresent" classname="com.littlehelper.reminder.ReminderTimeParserTest" time="0.0"/>
  <testcase name="resolveTriggerMillis_returnsNullWhenNeitherDateNorTime" classname="com.littlehelper.reminder.ReminderTimeParserTest" time="0.001"/>
  <testcase name="resolveTriggerMillis_usesEventTimeOnSameDay" classname="com.littlehelper.reminder.ReminderTimeParserTest" time="0.0"/>
  <testcase name="parseEventTime_supports24HourClock" classname="com.littlehelper.reminder.ReminderTimeParserTest" time="0.0"/>
  <testcase name="resolveTriggerMillis_parsesIsoDateTimeInFormattedField" classname="com.littlehelper.reminder.ReminderTimeParserTest" time="0.002"/>
  <system-out><![CDATA[]]></system-out>
  <system-err><![CDATA[]]></system-err>
</testsuite>
