<?xml version="1.0" encoding="UTF-8"?>
<testsuite name="com.littlehelper.data.DisambiguationHelperTest" tests="6" skipped="0" failures="0" errors="0" timestamp="2026-06-16T00:54:27.738Z" hostname="DESKTOP-6BFKR58" time="0.009">
  <properties/>
  <testcase name="parseChoiceIndex_acceptsDigitsAndOrdinals" classname="com.littlehelper.data.DisambiguationHelperTest" time="0.001"/>
  <testcase name="buildChoicePrompt_supportsSingleHomophoneRecord" classname="com.littlehelper.data.DisambiguationHelperTest" time="0.002"/>
  <testcase name="buildAllRecordsAnswer_listsNumberedRecords" classname="com.littlehelper.data.DisambiguationHelperTest" time="0.001"/>
  <testcase name="buildAllRecordsAnswer_empty" classname="com.littlehelper.data.DisambiguationHelperTest" time="0.002"/>
  <testcase name="answerForRecord_usesStoredPersonName" classname="com.littlehelper.data.DisambiguationHelperTest" time="0.001"/>
  <testcase name="buildChoicePrompt_listsNumberedOptions" classname="com.littlehelper.data.DisambiguationHelperTest" time="0.001"/>
  <system-out><![CDATA[]]></system-out>
  <system-err><![CDATA[]]></system-err>
</testsuite>
