<?xml version="1.0" encoding="UTF-8"?>
<testsuite name="com.littlehelper.reminder.DailyTodoResetRulesTest" tests="4" skipped="0" failures="0" errors="0" timestamp="2026-06-16T00:54:28.059Z" hostname="DESKTOP-6BFKR58" time="0.001">
  <properties/>
  <testcase name="isDailyRecurringTodo_matchesDailyMedicationTodo" classname="com.littlehelper.reminder.DailyTodoResetRulesTest" time="0.001"/>
  <testcase name="isDailyRecurringTodo_rejectsOneTimeTodo" classname="com.littlehelper.reminder.DailyTodoResetRulesTest" time="0.0"/>
  <testcase name="isDailyRecurringTodo_rejectsBirthdayRecurring" classname="com.littlehelper.reminder.DailyTodoResetRulesTest" time="0.0"/>
  <testcase name="isDailyRecurringTodo_rejectsNonTodo" classname="com.littlehelper.reminder.DailyTodoResetRulesTest" time="0.0"/>
  <system-out><![CDATA[]]></system-out>
  <system-err><![CDATA[]]></system-err>
</testsuite>
