<?xml version="1.0" encoding="UTF-8"?>
<testsuite name="com.littlehelper.data.MemoryChangeConfirmationBuilderTest" tests="3" skipped="0" failures="0" errors="0" timestamp="2026-06-16T00:54:27.750Z" hostname="DESKTOP-6BFKR58" time="0.008">
  <properties/>
  <testcase name="build_clearAllPending_returnsNull" classname="com.littlehelper.data.MemoryChangeConfirmationBuilderTest" time="0.005"/>
  <testcase name="build_multipleDeletes" classname="com.littlehelper.data.MemoryChangeConfirmationBuilderTest" time="0.0"/>
  <testcase name="build_singleInsert_usesSummary" classname="com.littlehelper.data.MemoryChangeConfirmationBuilderTest" time="0.002"/>
  <system-out><![CDATA[]]></system-out>
  <system-err><![CDATA[]]></system-err>
</testsuite>
