<?xml version="1.0" encoding="UTF-8"?>
<testsuite name="com.littlehelper.data.RecordListQueryHelperTest" tests="2" skipped="0" failures="0" errors="0" timestamp="2026-06-16T00:54:27.989Z" hostname="DESKTOP-6BFKR58" time="0.002">
  <properties/>
  <testcase name="isListAllRecordsQuestion_falseForSpecificQuery" classname="com.littlehelper.data.RecordListQueryHelperTest" time="0.001"/>
  <testcase name="isListAllRecordsQuestion_recognizesCommonPhrases" classname="com.littlehelper.data.RecordListQueryHelperTest" time="0.0"/>
  <system-out><![CDATA[]]></system-out>
  <system-err><![CDATA[]]></system-err>
</testsuite>
