<?xml version="1.0" encoding="UTF-8"?>
<testsuite name="com.littlehelper.data.PersonCorrectionHelperTest" tests="4" skipped="0" failures="0" errors="0" timestamp="2026-06-16T00:54:27.965Z" hostname="DESKTOP-6BFKR58" time="0.003">
  <properties/>
  <testcase name="buildPersonUpdateFields_replacesNameInSummary" classname="com.littlehelper.data.PersonCorrectionHelperTest" time="0.001"/>
  <testcase name="extractRejectedPersonName_fromReply" classname="com.littlehelper.data.PersonCorrectionHelperTest" time="0.0"/>
  <testcase name="extractTargetPersonName_fromReply" classname="com.littlehelper.data.PersonCorrectionHelperTest" time="0.0"/>
  <testcase name="buildPersonUpdateFields_pinyinComputedByRepositoryNormalization" classname="com.littlehelper.data.PersonCorrectionHelperTest" time="0.0"/>
  <system-out><![CDATA[]]></system-out>
  <system-err><![CDATA[]]></system-err>
</testsuite>
